{"level":"info","message":"::1 - - [16/Aug/2024:11:18:42 +0000] \"POST /api/register HTTP/1.1\" 400 53 \"-\" \"PostmanRuntime/7.37.3\"","timestamp":"2024-08-16T11:18:42.443Z"}
{"level":"info","message":"::1 - - [16/Aug/2024:11:19:36 +0000] \"POST /api/register HTTP/1.1\" 201 43 \"-\" \"PostmanRuntime/7.37.3\"","timestamp":"2024-08-16T11:19:36.566Z"}
{"level":"info","message":"::1 - - [16/Aug/2024:11:22:04 +0000] \"POST /api/login HTTP/1.1\" 200 149 \"-\" \"PostmanRuntime/7.37.3\"","timestamp":"2024-08-16T11:22:04.122Z"}
{"level":"info","message":"::1 - - [16/Aug/2024:11:22:14 +0000] \"POST /api/login HTTP/1.1\" 200 149 \"-\" \"PostmanRuntime/7.37.3\"","timestamp":"2024-08-16T11:22:14.654Z"}
{"level":"info","message":"::1 - - [16/Aug/2024:11:22:17 +0000] \"POST /api/login HTTP/1.1\" 200 149 \"-\" \"PostmanRuntime/7.37.3\"","timestamp":"2024-08-16T11:22:17.183Z"}
{"level":"info","message":"::1 - - [16/Aug/2024:11:24:06 +0000] \"POST /api/posts HTTP/1.1\" 401 46 \"-\" \"PostmanRuntime/7.37.3\"","timestamp":"2024-08-16T11:24:06.834Z"}
{"level":"info","message":"::1 - - [16/Aug/2024:11:24:53 +0000] \"POST /api/posts HTTP/1.1\" 500 43 \"-\" \"PostmanRuntime/7.37.3\"","timestamp":"2024-08-16T11:24:53.931Z"}
{"level":"info","message":"::1 - - [16/Aug/2024:11:26:52 +0000] \"POST /api/posts HTTP/1.1\" 400 30 \"-\" \"PostmanRuntime/7.37.3\"","timestamp":"2024-08-16T11:26:52.011Z"}
{"level":"info","message":"::1 - - [16/Aug/2024:11:27:57 +0000] \"POST /api/posts HTTP/1.1\" 201 40 \"-\" \"PostmanRuntime/7.37.3\"","timestamp":"2024-08-16T11:27:57.154Z"}
{"level":"info","message":"::1 - - [16/Aug/2024:11:28:26 +0000] \"GET /api/posts HTTP/1.1\" 401 46 \"-\" \"PostmanRuntime/7.37.3\"","timestamp":"2024-08-16T11:28:26.260Z"}
{"level":"info","message":"::1 - - [16/Aug/2024:11:30:06 +0000] \"GET /api/posts HTTP/1.1\" 200 154 \"-\" \"PostmanRuntime/7.37.3\"","timestamp":"2024-08-16T11:30:06.957Z"}
{"level":"info","message":"::1 - - [16/Aug/2024:11:30:31 +0000] \"POST /api/posts HTTP/1.1\" 201 40 \"-\" \"PostmanRuntime/7.37.3\"","timestamp":"2024-08-16T11:30:31.357Z"}
{"level":"info","message":"::1 - - [16/Aug/2024:11:30:45 +0000] \"GET /api/posts HTTP/1.1\" 200 308 \"-\" \"PostmanRuntime/7.37.3\"","timestamp":"2024-08-16T11:30:45.266Z"}
{"level":"info","message":"::1 - - [16/Aug/2024:11:31:15 +0000] \"GET /api/posts/4 HTTP/1.1\" 200 - \"-\" \"PostmanRuntime/7.37.3\"","timestamp":"2024-08-16T11:31:15.988Z"}
{"level":"info","message":"::1 - - [16/Aug/2024:11:31:23 +0000] \"GET /api/posts/1 HTTP/1.1\" 200 152 \"-\" \"PostmanRuntime/7.37.3\"","timestamp":"2024-08-16T11:31:23.107Z"}
{"level":"info","message":"::1 - - [16/Aug/2024:11:31:25 +0000] \"GET /api/posts/2 HTTP/1.1\" 200 153 \"-\" \"PostmanRuntime/7.37.3\"","timestamp":"2024-08-16T11:31:25.063Z"}
{"level":"info","message":"::1 - - [16/Aug/2024:11:31:26 +0000] \"GET /api/posts/3 HTTP/1.1\" 200 - \"-\" \"PostmanRuntime/7.37.3\"","timestamp":"2024-08-16T11:31:26.492Z"}
{"level":"info","message":"::1 - - [16/Aug/2024:11:33:01 +0000] \"GET /api/posts/3 HTTP/1.1\" 200 - \"-\" \"PostmanRuntime/7.37.3\"","timestamp":"2024-08-16T11:33:01.058Z"}
{"level":"info","message":"::1 - - [16/Aug/2024:11:33:34 +0000] \"GET /api/posts/3 HTTP/1.1\" 404 29 \"-\" \"PostmanRuntime/7.37.3\"","timestamp":"2024-08-16T11:33:34.439Z"}
{"level":"info","message":"::ffff:127.0.0.1 - - [16/Aug/2024:11:55:24 +0000] \"POST /api/register HTTP/1.1\" 400 53 \"-\" \"Apache-HttpClient/4.5.13 (Java/11.0.24)\"","timestamp":"2024-08-16T11:55:24.241Z"}
{"level":"info","message":"::ffff:127.0.0.1 - - [16/Aug/2024:11:56:32 +0000] \"POST /api/register HTTP/1.1\" 400 53 \"-\" \"Apache-HttpClient/4.5.13 (Java/11.0.24)\"","timestamp":"2024-08-16T11:56:32.813Z"}
{"level":"info","message":"::1 - - [16/Aug/2024:11:58:17 +0000] \"POST /api/register HTTP/1.1\" 400 53 \"-\" \"PostmanRuntime/7.37.3\"","timestamp":"2024-08-16T11:58:17.060Z"}
{"level":"info","message":"::ffff:127.0.0.1 - - [16/Aug/2024:12:00:42 +0000] \"POST /api/register HTTP/1.1\" 201 43 \"-\" \"Apache-HttpClient/4.5.13 (Java/11.0.24)\"","timestamp":"2024-08-16T12:00:42.510Z"}
{"level":"error","message":"Error: Unexpected token s in JSON at position 17","stack":"SyntaxError: Unexpected token s in JSON at position 17\n    at JSON.parse (<anonymous>)\n    at parse (/home/ranga/Projects/restassured/social-media-api/node_modules/body-parser/lib/types/json.js:92:19)\n    at /home/ranga/Projects/restassured/social-media-api/node_modules/body-parser/lib/read.js:128:18\n    at AsyncResource.runInAsyncScope (node:async_hooks:203:9)\n    at invokeCallback (/home/ranga/Projects/restassured/social-media-api/node_modules/raw-body/index.js:238:16)\n    at done (/home/ranga/Projects/restassured/social-media-api/node_modules/raw-body/index.js:227:7)\n    at IncomingMessage.onEnd (/home/ranga/Projects/restassured/social-media-api/node_modules/raw-body/index.js:287:7)\n    at IncomingMessage.emit (node:events:517:28)\n    at endReadableNT (node:internal/streams/readable:1400:12)\n    at process.processTicksAndRejections (node:internal/process/task_queues:82:21)","timestamp":"2024-08-16T12:12:52.103Z"}
{"level":"info","message":"::ffff:127.0.0.1 - - [16/Aug/2024:12:12:52 +0000] \"POST /api/login HTTP/1.1\" 400 70 \"-\" \"Apache-HttpClient/4.5.13 (Java/11.0.24)\"","timestamp":"2024-08-16T12:12:52.106Z"}
{"level":"error","message":"Error: Unexpected token s in JSON at position 17","stack":"SyntaxError: Unexpected token s in JSON at position 17\n    at JSON.parse (<anonymous>)\n    at parse (/home/ranga/Projects/restassured/social-media-api/node_modules/body-parser/lib/types/json.js:92:19)\n    at /home/ranga/Projects/restassured/social-media-api/node_modules/body-parser/lib/read.js:128:18\n    at AsyncResource.runInAsyncScope (node:async_hooks:203:9)\n    at invokeCallback (/home/ranga/Projects/restassured/social-media-api/node_modules/raw-body/index.js:238:16)\n    at done (/home/ranga/Projects/restassured/social-media-api/node_modules/raw-body/index.js:227:7)\n    at IncomingMessage.onEnd (/home/ranga/Projects/restassured/social-media-api/node_modules/raw-body/index.js:287:7)\n    at IncomingMessage.emit (node:events:517:28)\n    at endReadableNT (node:internal/streams/readable:1400:12)\n    at process.processTicksAndRejections (node:internal/process/task_queues:82:21)","timestamp":"2024-08-16T12:13:56.009Z"}
{"level":"info","message":"::ffff:127.0.0.1 - - [16/Aug/2024:12:13:56 +0000] \"POST /api/login HTTP/1.1\" 400 70 \"-\" \"Apache-HttpClient/4.5.13 (Java/11.0.24)\"","timestamp":"2024-08-16T12:13:56.010Z"}
{"level":"error","message":"Error: Unexpected token s in JSON at position 17","stack":"SyntaxError: Unexpected token s in JSON at position 17\n    at JSON.parse (<anonymous>)\n    at parse (/home/ranga/Projects/restassured/social-media-api/node_modules/body-parser/lib/types/json.js:92:19)\n    at /home/ranga/Projects/restassured/social-media-api/node_modules/body-parser/lib/read.js:128:18\n    at AsyncResource.runInAsyncScope (node:async_hooks:203:9)\n    at invokeCallback (/home/ranga/Projects/restassured/social-media-api/node_modules/raw-body/index.js:238:16)\n    at done (/home/ranga/Projects/restassured/social-media-api/node_modules/raw-body/index.js:227:7)\n    at IncomingMessage.onEnd (/home/ranga/Projects/restassured/social-media-api/node_modules/raw-body/index.js:287:7)\n    at IncomingMessage.emit (node:events:517:28)\n    at endReadableNT (node:internal/streams/readable:1400:12)\n    at process.processTicksAndRejections (node:internal/process/task_queues:82:21)","timestamp":"2024-08-16T12:39:38.662Z"}
{"level":"info","message":"::ffff:127.0.0.1 - - [16/Aug/2024:12:39:38 +0000] \"POST /api/login HTTP/1.1\" 400 70 \"-\" \"Apache-HttpClient/4.5.13 (Java/11.0.24)\"","timestamp":"2024-08-16T12:39:38.678Z"}
{"level":"error","message":"Error: Unexpected token s in JSON at position 17","stack":"SyntaxError: Unexpected token s in JSON at position 17\n    at JSON.parse (<anonymous>)\n    at parse (/home/ranga/Projects/restassured/social-media-api/node_modules/body-parser/lib/types/json.js:92:19)\n    at /home/ranga/Projects/restassured/social-media-api/node_modules/body-parser/lib/read.js:128:18\n    at AsyncResource.runInAsyncScope (node:async_hooks:203:9)\n    at invokeCallback (/home/ranga/Projects/restassured/social-media-api/node_modules/raw-body/index.js:238:16)\n    at done (/home/ranga/Projects/restassured/social-media-api/node_modules/raw-body/index.js:227:7)\n    at IncomingMessage.onEnd (/home/ranga/Projects/restassured/social-media-api/node_modules/raw-body/index.js:287:7)\n    at IncomingMessage.emit (node:events:517:28)\n    at endReadableNT (node:internal/streams/readable:1400:12)\n    at process.processTicksAndRejections (node:internal/process/task_queues:82:21)","timestamp":"2024-08-16T12:40:50.569Z"}
{"level":"info","message":"::ffff:127.0.0.1 - - [16/Aug/2024:12:40:50 +0000] \"POST /api/login HTTP/1.1\" 400 70 \"-\" \"Apache-HttpClient/4.5.13 (Java/11.0.24)\"","timestamp":"2024-08-16T12:40:50.572Z"}
{"level":"error","message":"Error: Unexpected token s in JSON at position 17","stack":"SyntaxError: Unexpected token s in JSON at position 17\n    at JSON.parse (<anonymous>)\n    at parse (/home/ranga/Projects/restassured/social-media-api/node_modules/body-parser/lib/types/json.js:92:19)\n    at /home/ranga/Projects/restassured/social-media-api/node_modules/body-parser/lib/read.js:128:18\n    at AsyncResource.runInAsyncScope (node:async_hooks:203:9)\n    at invokeCallback (/home/ranga/Projects/restassured/social-media-api/node_modules/raw-body/index.js:238:16)\n    at done (/home/ranga/Projects/restassured/social-media-api/node_modules/raw-body/index.js:227:7)\n    at IncomingMessage.onEnd (/home/ranga/Projects/restassured/social-media-api/node_modules/raw-body/index.js:287:7)\n    at IncomingMessage.emit (node:events:517:28)\n    at endReadableNT (node:internal/streams/readable:1400:12)\n    at process.processTicksAndRejections (node:internal/process/task_queues:82:21)","timestamp":"2024-08-16T12:41:12.146Z"}
{"level":"info","message":"::ffff:127.0.0.1 - - [16/Aug/2024:12:41:12 +0000] \"POST /api/login HTTP/1.1\" 400 70 \"-\" \"Apache-HttpClient/4.5.13 (Java/11.0.24)\"","timestamp":"2024-08-16T12:41:12.149Z"}
{"level":"error","message":"Error: Unexpected token s in JSON at position 17","stack":"SyntaxError: Unexpected token s in JSON at position 17\n    at JSON.parse (<anonymous>)\n    at parse (/home/ranga/Projects/restassured/social-media-api/node_modules/body-parser/lib/types/json.js:92:19)\n    at /home/ranga/Projects/restassured/social-media-api/node_modules/body-parser/lib/read.js:128:18\n    at AsyncResource.runInAsyncScope (node:async_hooks:203:9)\n    at invokeCallback (/home/ranga/Projects/restassured/social-media-api/node_modules/raw-body/index.js:238:16)\n    at done (/home/ranga/Projects/restassured/social-media-api/node_modules/raw-body/index.js:227:7)\n    at IncomingMessage.onEnd (/home/ranga/Projects/restassured/social-media-api/node_modules/raw-body/index.js:287:7)\n    at IncomingMessage.emit (node:events:517:28)\n    at endReadableNT (node:internal/streams/readable:1400:12)\n    at process.processTicksAndRejections (node:internal/process/task_queues:82:21)","timestamp":"2024-08-16T12:43:18.902Z"}
{"level":"info","message":"::ffff:127.0.0.1 - - [16/Aug/2024:12:43:18 +0000] \"POST /api/login HTTP/1.1\" 400 70 \"-\" \"Apache-HttpClient/4.5.13 (Java/11.0.24)\"","timestamp":"2024-08-16T12:43:18.905Z"}
{"level":"info","message":"::1 - - [16/Aug/2024:12:56:43 +0000] \"POST /api/register HTTP/1.1\" 201 43 \"-\" \"PostmanRuntime/7.37.3\"","timestamp":"2024-08-16T12:56:43.851Z"}
{"level":"info","message":"::ffff:127.0.0.1 - - [16/Aug/2024:13:03:04 +0000] \"POST /api/register HTTP/1.1\" 201 43 \"-\" \"Apache-HttpClient/4.5.13 (Java/11.0.24)\"","timestamp":"2024-08-16T13:03:04.648Z"}
{"level":"info","message":"::ffff:127.0.0.1 - - [16/Aug/2024:13:10:23 +0000] \"POST /api/register HTTP/1.1\" 400 53 \"-\" \"Apache-HttpClient/4.5.13 (Java/11.0.24)\"","timestamp":"2024-08-16T13:10:23.762Z"}
{"level":"info","message":"::ffff:127.0.0.1 - - [16/Aug/2024:13:11:50 +0000] \"POST /api/register HTTP/1.1\" 400 53 \"-\" \"Apache-HttpClient/4.5.13 (Java/11.0.24)\"","timestamp":"2024-08-16T13:11:50.579Z"}
{"level":"info","message":"::ffff:127.0.0.1 - - [16/Aug/2024:13:12:20 +0000] \"POST /api/register HTTP/1.1\" 400 53 \"-\" \"Apache-HttpClient/4.5.13 (Java/11.0.24)\"","timestamp":"2024-08-16T13:12:20.154Z"}
{"level":"info","message":"::1 - - [16/Aug/2024:14:12:50 +0000] \"POST /api/login HTTP/1.1\" 200 149 \"-\" \"PostmanRuntime/7.37.3\"","timestamp":"2024-08-16T14:12:50.085Z"}
{"level":"info","message":"::ffff:127.0.0.1 - - [16/Aug/2024:14:13:35 +0000] \"POST /api/login HTTP/1.1\" 200 149 \"-\" \"Apache-HttpClient/4.5.13 (Java/11.0.24)\"","timestamp":"2024-08-16T14:13:35.992Z"}
{"level":"info","message":"::ffff:127.0.0.1 - - [16/Aug/2024:14:14:00 +0000] \"POST /api/login HTTP/1.1\" 200 149 \"-\" \"Apache-HttpClient/4.5.13 (Java/11.0.24)\"","timestamp":"2024-08-16T14:14:00.772Z"}
{"level":"info","message":"::ffff:127.0.0.1 - - [16/Aug/2024:14:21:13 +0000] \"POST /api/login HTTP/1.1\" 200 149 \"-\" \"Apache-HttpClient/4.5.13 (Java/11.0.24)\"","timestamp":"2024-08-16T14:21:13.083Z"}
{"level":"info","message":"::ffff:127.0.0.1 - - [16/Aug/2024:14:28:14 +0000] \"POST /api/login HTTP/1.1\" 200 149 \"-\" \"Apache-HttpClient/4.5.13 (Java/11.0.24)\"","timestamp":"2024-08-16T14:28:14.681Z"}
{"level":"info","message":"::1 - - [16/Aug/2024:14:29:04 +0000] \"GET /api/posts/1 HTTP/1.1\" 400 27 \"-\" \"PostmanRuntime/7.37.3\"","timestamp":"2024-08-16T14:29:04.096Z"}
{"level":"info","message":"::1 - - [16/Aug/2024:14:29:21 +0000] \"POST /api/login HTTP/1.1\" 200 149 \"-\" \"PostmanRuntime/7.37.3\"","timestamp":"2024-08-16T14:29:21.268Z"}
{"level":"info","message":"::1 - - [16/Aug/2024:14:29:47 +0000] \"GET /api/posts/1 HTTP/1.1\" 200 152 \"-\" \"PostmanRuntime/7.37.3\"","timestamp":"2024-08-16T14:29:47.724Z"}
{"level":"info","message":"::ffff:127.0.0.1 - - [16/Aug/2024:14:35:32 +0000] \"POST /api/login HTTP/1.1\" 200 149 \"-\" \"Apache-HttpClient/4.5.13 (Java/11.0.24)\"","timestamp":"2024-08-16T14:35:32.480Z"}
{"level":"info","message":"::1 - - [16/Aug/2024:16:38:19 +0000] \"GET /api/posts HTTP/1.1\" 400 27 \"-\" \"PostmanRuntime/7.37.3\"","timestamp":"2024-08-16T16:38:19.784Z"}
{"level":"info","message":"::1 - - [16/Aug/2024:16:38:30 +0000] \"POST /api/login HTTP/1.1\" 200 149 \"-\" \"PostmanRuntime/7.37.3\"","timestamp":"2024-08-16T16:38:30.407Z"}
{"level":"info","message":"::1 - - [16/Aug/2024:16:38:50 +0000] \"GET /api/posts HTTP/1.1\" 200 308 \"-\" \"PostmanRuntime/7.37.3\"","timestamp":"2024-08-16T16:38:50.841Z"}
{"level":"info","message":"::ffff:127.0.0.1 - - [16/Aug/2024:16:41:10 +0000] \"POST /api/login HTTP/1.1\" 200 149 \"-\" \"Apache-HttpClient/4.5.13 (Java/11.0.24)\"","timestamp":"2024-08-16T16:41:10.105Z"}
{"level":"info","message":"::ffff:127.0.0.1 - - [16/Aug/2024:16:41:10 +0000] \"GET /api/posts HTTP/1.1\" 200 308 \"-\" \"Apache-HttpClient/4.5.13 (Java/11.0.24)\"","timestamp":"2024-08-16T16:41:10.888Z"}
{"level":"info","message":"::1 - - [16/Aug/2024:16:42:20 +0000] \"GET /api/posts/4 HTTP/1.1\" 404 29 \"-\" \"PostmanRuntime/7.37.3\"","timestamp":"2024-08-16T16:42:20.502Z"}
{"level":"info","message":"::1 - - [16/Aug/2024:16:42:27 +0000] \"GET /api/posts/2 HTTP/1.1\" 200 153 \"-\" \"PostmanRuntime/7.37.3\"","timestamp":"2024-08-16T16:42:27.137Z"}
{"level":"info","message":"::ffff:127.0.0.1 - - [16/Aug/2024:16:43:38 +0000] \"POST /api/login HTTP/1.1\" 200 149 \"-\" \"Apache-HttpClient/4.5.13 (Java/11.0.24)\"","timestamp":"2024-08-16T16:43:38.791Z"}
{"level":"info","message":"::ffff:127.0.0.1 - - [16/Aug/2024:16:44:07 +0000] \"POST /api/login HTTP/1.1\" 200 149 \"-\" \"Apache-HttpClient/4.5.13 (Java/11.0.24)\"","timestamp":"2024-08-16T16:44:07.912Z"}
{"level":"info","message":"::ffff:127.0.0.1 - - [16/Aug/2024:16:44:08 +0000] \"GET /api/posts/2 HTTP/1.1\" 200 153 \"-\" \"Apache-HttpClient/4.5.13 (Java/11.0.24)\"","timestamp":"2024-08-16T16:44:08.833Z"}
{"level":"info","message":"::ffff:127.0.0.1 - - [16/Aug/2024:16:46:58 +0000] \"POST /api/login HTTP/1.1\" 200 149 \"-\" \"Apache-HttpClient/4.5.13 (Java/11.0.24)\"","timestamp":"2024-08-16T16:46:58.045Z"}
{"level":"info","message":"::ffff:127.0.0.1 - - [16/Aug/2024:16:46:58 +0000] \"DELETE /api/posts/2 HTTP/1.1\" 403 56 \"-\" \"Apache-HttpClient/4.5.13 (Java/11.0.24)\"","timestamp":"2024-08-16T16:46:58.881Z"}
{"level":"info","message":"::1 - - [16/Aug/2024:16:54:53 +0000] \"POST /api/login HTTP/1.1\" 200 149 \"-\" \"PostmanRuntime/7.37.3\"","timestamp":"2024-08-16T16:54:53.161Z"}
{"level":"info","message":"::1 - - [16/Aug/2024:16:55:30 +0000] \"POST /api/posts HTTP/1.1\" 201 40 \"-\" \"PostmanRuntime/7.37.3\"","timestamp":"2024-08-16T16:55:30.020Z"}
{"level":"info","message":"::1 - - [16/Aug/2024:16:55:49 +0000] \"POST /api/posts HTTP/1.1\" 201 40 \"-\" \"PostmanRuntime/7.37.3\"","timestamp":"2024-08-16T16:55:49.769Z"}
{"level":"info","message":"::1 - - [16/Aug/2024:16:56:27 +0000] \"GET /api/posts HTTP/1.1\" 200 631 \"-\" \"PostmanRuntime/7.37.3\"","timestamp":"2024-08-16T16:56:27.281Z"}
{"level":"info","message":"::1 - - [16/Aug/2024:16:56:39 +0000] \"GET /api/posts HTTP/1.1\" 200 631 \"-\" \"PostmanRuntime/7.37.3\"","timestamp":"2024-08-16T16:56:39.117Z"}
{"level":"info","message":"::1 - - [16/Aug/2024:16:57:45 +0000] \"GET /api/posts/2 HTTP/1.1\" 200 153 \"-\" \"PostmanRuntime/7.37.3\"","timestamp":"2024-08-16T16:57:45.461Z"}
{"level":"info","message":"::1 - - [16/Aug/2024:16:57:52 +0000] \"GET /api/posts/2 HTTP/1.1\" 200 153 \"-\" \"PostmanRuntime/7.37.3\"","timestamp":"2024-08-16T16:57:52.007Z"}
{"level":"info","message":"::1 - - [16/Aug/2024:16:58:30 +0000] \"DELETE /api/posts/2 HTTP/1.1\" 403 56 \"-\" \"PostmanRuntime/7.37.3\"","timestamp":"2024-08-16T16:58:30.970Z"}
{"level":"info","message":"::1 - - [16/Aug/2024:16:59:09 +0000] \"PUT /api/posts/2 HTTP/1.1\" 403 56 \"-\" \"PostmanRuntime/7.37.3\"","timestamp":"2024-08-16T16:59:09.865Z"}
{"level":"info","message":"::1 - - [16/Aug/2024:16:59:47 +0000] \"GET /api/posts/3 HTTP/1.1\" 200 160 \"-\" \"PostmanRuntime/7.37.3\"","timestamp":"2024-08-16T16:59:47.075Z"}
{"level":"info","message":"::1 - - [16/Aug/2024:17:00:00 +0000] \"PUT /api/posts/3 HTTP/1.1\" 500 43 \"-\" \"PostmanRuntime/7.37.3\"","timestamp":"2024-08-16T17:00:00.430Z"}
{"level":"info","message":"::1 - - [16/Aug/2024:17:00:55 +0000] \"PUT /api/posts/3 HTTP/1.1\" 200 40 \"-\" \"PostmanRuntime/7.37.3\"","timestamp":"2024-08-16T17:00:55.431Z"}
{"level":"info","message":"::1 - - [16/Aug/2024:17:02:08 +0000] \"GET /api/coments HTTP/1.1\" 404 150 \"-\" \"PostmanRuntime/7.37.3\"","timestamp":"2024-08-16T17:02:08.321Z"}
{"level":"info","message":"::1 - - [16/Aug/2024:17:02:25 +0000] \"GET /api/coments/3 HTTP/1.1\" 404 152 \"-\" \"PostmanRuntime/7.37.3\"","timestamp":"2024-08-16T17:02:25.689Z"}
{"level":"info","message":"::1 - - [16/Aug/2024:17:04:33 +0000] \"GET /posts/3/comments HTTP/1.1\" 404 155 \"-\" \"PostmanRuntime/7.37.3\"","timestamp":"2024-08-16T17:04:33.511Z"}
{"level":"info","message":"::1 - - [16/Aug/2024:17:04:43 +0000] \"GET /posts/3/comments/ HTTP/1.1\" 404 156 \"-\" \"PostmanRuntime/7.37.3\"","timestamp":"2024-08-16T17:04:43.815Z"}
{"level":"info","message":"::1 - - [16/Aug/2024:17:04:45 +0000] \"GET /posts/3/comments HTTP/1.1\" 404 155 \"-\" \"PostmanRuntime/7.37.3\"","timestamp":"2024-08-16T17:04:45.462Z"}
{"level":"info","message":"::1 - - [16/Aug/2024:17:05:47 +0000] \"POST /posts/2/comments HTTP/1.1\" 404 156 \"-\" \"PostmanRuntime/7.37.3\"","timestamp":"2024-08-16T17:05:47.758Z"}
{"level":"info","message":"::1 - - [16/Aug/2024:17:07:07 +0000] \"POST /posts/2/comments HTTP/1.1\" 404 156 \"-\" \"PostmanRuntime/7.37.3\"","timestamp":"2024-08-16T17:07:07.451Z"}
{"level":"info","message":"::1 - - [16/Aug/2024:17:08:04 +0000] \"GET /api/posts HTTP/1.1\" 200 648 \"-\" \"PostmanRuntime/7.37.3\"","timestamp":"2024-08-16T17:08:04.239Z"}
{"level":"info","message":"::1 - - [16/Aug/2024:17:08:29 +0000] \"POST /api/posts/2/comments HTTP/1.1\" 500 43 \"-\" \"PostmanRuntime/7.37.3\"","timestamp":"2024-08-16T17:08:29.045Z"}
{"level":"info","message":"::1 - - [16/Aug/2024:17:08:59 +0000] \"POST /api/posts/2/comments HTTP/1.1\" 201 41 \"-\" \"PostmanRuntime/7.37.3\"","timestamp":"2024-08-16T17:08:59.562Z"}
{"level":"info","message":"::1 - - [16/Aug/2024:17:09:16 +0000] \"GET /api/posts/2/comments HTTP/1.1\" 200 96 \"-\" \"PostmanRuntime/7.37.3\"","timestamp":"2024-08-16T17:09:16.942Z"}
{"level":"info","message":"::1 - - [16/Aug/2024:17:09:47 +0000] \"GET /api/posts//comments HTTP/1.1\" 404 158 \"-\" \"PostmanRuntime/7.37.3\"","timestamp":"2024-08-16T17:09:47.444Z"}
{"level":"info","message":"::1 - - [16/Aug/2024:17:10:59 +0000] \"DELETE /api/posts/2/comments HTTP/1.1\" 404 162 \"-\" \"PostmanRuntime/7.37.3\"","timestamp":"2024-08-16T17:10:59.205Z"}
{"level":"info","message":"::1 - - [16/Aug/2024:17:11:48 +0000] \"DELETE /api/comments/3 HTTP/1.1\" 200 43 \"-\" \"PostmanRuntime/7.37.3\"","timestamp":"2024-08-16T17:11:48.746Z"}
{"level":"info","message":"::1 - - [16/Aug/2024:17:12:04 +0000] \"DELETE /api/comments/300 HTTP/1.1\" 200 43 \"-\" \"PostmanRuntime/7.37.3\"","timestamp":"2024-08-16T17:12:04.032Z"}
{"level":"info","message":"::1 - - [16/Aug/2024:17:24:35 +0000] \"GET /api/posts/2/comments HTTP/1.1\" 200 96 \"-\" \"PostmanRuntime/7.37.3\"","timestamp":"2024-08-16T17:24:35.984Z"}
{"level":"info","message":"::1 - - [16/Aug/2024:17:34:14 +0000] \"DELETE /api/comments/300 HTTP/1.1\" 404 32 \"-\" \"PostmanRuntime/7.37.3\"","timestamp":"2024-08-16T17:34:14.564Z"}
{"level":"info","message":"::1 - - [16/Aug/2024:17:34:20 +0000] \"DELETE /api/comments/30 HTTP/1.1\" 404 32 \"-\" \"PostmanRuntime/7.37.3\"","timestamp":"2024-08-16T17:34:20.401Z"}
{"level":"info","message":"::1 - - [16/Aug/2024:17:34:23 +0000] \"DELETE /api/comments/1 HTTP/1.1\" 200 43 \"-\" \"PostmanRuntime/7.37.3\"","timestamp":"2024-08-16T17:34:23.153Z"}
{"level":"info","message":"::1 - - [16/Aug/2024:17:34:31 +0000] \"GET /api/posts/2/comments HTTP/1.1\" 200 2 \"-\" \"PostmanRuntime/7.37.3\"","timestamp":"2024-08-16T17:34:31.508Z"}
{"level":"info","message":"::1 - - [16/Aug/2024:17:35:27 +0000] \"POST /api/posts/2/comments HTTP/1.1\" 201 41 \"-\" \"PostmanRuntime/7.37.3\"","timestamp":"2024-08-16T17:35:27.863Z"}
{"level":"info","message":"::1 - - [16/Aug/2024:17:35:36 +0000] \"GET /api/posts/2/comments HTTP/1.1\" 200 96 \"-\" \"PostmanRuntime/7.37.3\"","timestamp":"2024-08-16T17:35:36.936Z"}
{"level":"info","message":"::1 - - [16/Aug/2024:17:36:20 +0000] \"POST /api/login HTTP/1.1\" 200 149 \"-\" \"PostmanRuntime/7.37.3\"","timestamp":"2024-08-16T17:36:20.037Z"}
{"level":"info","message":"::1 - - [16/Aug/2024:17:36:51 +0000] \"DELETE /api/comments/11 HTTP/1.1\" 404 32 \"-\" \"PostmanRuntime/7.37.3\"","timestamp":"2024-08-16T17:36:51.848Z"}
{"level":"info","message":"::1 - - [16/Aug/2024:17:36:54 +0000] \"DELETE /api/comments/1 HTTP/1.1\" 404 32 \"-\" \"PostmanRuntime/7.37.3\"","timestamp":"2024-08-16T17:36:54.488Z"}
{"level":"info","message":"::1 - - [16/Aug/2024:17:36:59 +0000] \"DELETE /api/comments/2 HTTP/1.1\" 200 43 \"-\" \"PostmanRuntime/7.37.3\"","timestamp":"2024-08-16T17:36:59.248Z"}
{"level":"info","message":"::1 - - [16/Aug/2024:17:40:08 +0000] \"POST /api/posts/2/comments HTTP/1.1\" 201 41 \"-\" \"PostmanRuntime/7.37.3\"","timestamp":"2024-08-16T17:40:08.499Z"}
{"level":"info","message":"::1 - - [16/Aug/2024:17:43:10 +0000] \"DELETE /api/comments/2 HTTP/1.1\" 404 31 \"-\" \"PostmanRuntime/7.37.3\"","timestamp":"2024-08-16T17:43:10.087Z"}
{"level":"info","message":"::1 - - [16/Aug/2024:17:43:13 +0000] \"DELETE /api/comments/3 HTTP/1.1\" 403 59 \"-\" \"PostmanRuntime/7.37.3\"","timestamp":"2024-08-16T17:43:13.614Z"}
{"level":"info","message":"::1 - - [16/Aug/2024:17:43:43 +0000] \"POST /api/login HTTP/1.1\" 200 149 \"-\" \"PostmanRuntime/7.37.3\"","timestamp":"2024-08-16T17:43:43.038Z"}
{"level":"info","message":"::1 - - [16/Aug/2024:17:44:03 +0000] \"DELETE /api/comments/2 HTTP/1.1\" 404 31 \"-\" \"PostmanRuntime/7.37.3\"","timestamp":"2024-08-16T17:44:03.510Z"}
{"level":"info","message":"::1 - - [16/Aug/2024:17:44:05 +0000] \"DELETE /api/comments/3 HTTP/1.1\" 200 43 \"-\" \"PostmanRuntime/7.37.3\"","timestamp":"2024-08-16T17:44:05.833Z"}
{"level":"info","message":"::1 - - [16/Aug/2024:17:44:10 +0000] \"DELETE /api/comments/3 HTTP/1.1\" 404 31 \"-\" \"PostmanRuntime/7.37.3\"","timestamp":"2024-08-16T17:44:10.134Z"}
{"level":"info","message":"::1 - - [16/Aug/2024:17:46:12 +0000] \"GET /api/posts/:postId/like HTTP/1.1\" 404 161 \"-\" \"PostmanRuntime/7.37.3\"","timestamp":"2024-08-16T17:46:12.652Z"}
{"level":"info","message":"::1 - - [16/Aug/2024:17:46:39 +0000] \"POST /api/posts/2/like HTTP/1.1\" 401 46 \"-\" \"PostmanRuntime/7.37.3\"","timestamp":"2024-08-16T17:46:39.585Z"}
{"level":"info","message":"::1 - - [16/Aug/2024:17:47:39 +0000] \"POST /api/posts/2/like HTTP/1.1\" 200 38 \"-\" \"PostmanRuntime/7.37.3\"","timestamp":"2024-08-16T17:47:39.487Z"}
{"level":"info","message":"::1 - - [16/Aug/2024:17:50:16 +0000] \"POST /api/login HTTP/1.1\" 200 149 \"-\" \"PostmanRuntime/7.37.3\"","timestamp":"2024-08-16T17:50:16.194Z"}
{"level":"info","message":"::1 - - [16/Aug/2024:17:50:33 +0000] \"POST /api/posts/2/unlike HTTP/1.1\" 404 158 \"-\" \"PostmanRuntime/7.37.3\"","timestamp":"2024-08-16T17:50:33.458Z"}
{"level":"info","message":"::1 - - [16/Aug/2024:17:50:55 +0000] \"POST /api/posts/2/unlike HTTP/1.1\" 404 158 \"-\" \"PostmanRuntime/7.37.3\"","timestamp":"2024-08-16T17:50:55.128Z"}
{"level":"info","message":"::1 - - [16/Aug/2024:17:52:13 +0000] \"DELETE /api/posts/2/unlike HTTP/1.1\" 200 40 \"-\" \"PostmanRuntime/7.37.3\"","timestamp":"2024-08-16T17:52:13.033Z"}
{"level":"info","message":"::1 - - [16/Aug/2024:17:53:37 +0000] \"DELETE /api/posts/2/unlike HTTP/1.1\" 200 40 \"-\" \"PostmanRuntime/7.37.3\"","timestamp":"2024-08-16T17:53:37.098Z"}
{"level":"info","message":"::1 - - [16/Aug/2024:17:59:41 +0000] \"DELETE /api/posts/2/unlike HTTP/1.1\" 500 188 \"-\" \"PostmanRuntime/7.37.3\"","timestamp":"2024-08-16T17:59:41.606Z"}
{"level":"info","message":"::1 - - [16/Aug/2024:18:02:09 +0000] \"DELETE /api/posts/2/unlike HTTP/1.1\" 403 57 \"-\" \"PostmanRuntime/7.37.3\"","timestamp":"2024-08-16T18:02:09.416Z"}
{"level":"info","message":"::1 - - [16/Aug/2024:18:03:53 +0000] \"DELETE /api/posts/4/unlike HTTP/1.1\" 404 51 \"-\" \"PostmanRuntime/7.37.3\"","timestamp":"2024-08-16T18:03:53.539Z"}
{"level":"info","message":"::1 - - [16/Aug/2024:18:04:51 +0000] \"DELETE /api/posts/4/unlike HTTP/1.1\" 404 61 \"-\" \"PostmanRuntime/7.37.3\"","timestamp":"2024-08-16T18:04:51.645Z"}
{"level":"info","message":"::1 - - [16/Aug/2024:18:05:07 +0000] \"DELETE /api/posts//unlike HTTP/1.1\" 404 159 \"-\" \"PostmanRuntime/7.37.3\"","timestamp":"2024-08-16T18:05:07.513Z"}
{"level":"info","message":"::1 - - [16/Aug/2024:18:05:17 +0000] \"DELETE /api/posts/2/unlike HTTP/1.1\" 403 57 \"-\" \"PostmanRuntime/7.37.3\"","timestamp":"2024-08-16T18:05:17.645Z"}
{"level":"info","message":"::1 - - [16/Aug/2024:18:06:05 +0000] \"POST /api/login HTTP/1.1\" 400 40 \"-\" \"PostmanRuntime/7.37.3\"","timestamp":"2024-08-16T18:06:05.249Z"}
{"level":"info","message":"::1 - - [16/Aug/2024:18:06:15 +0000] \"POST /api/login HTTP/1.1\" 200 149 \"-\" \"PostmanRuntime/7.37.3\"","timestamp":"2024-08-16T18:06:15.900Z"}
{"level":"info","message":"::1 - - [16/Aug/2024:18:06:36 +0000] \"DELETE /api/posts/2/unlike HTTP/1.1\" 200 40 \"-\" \"PostmanRuntime/7.37.3\"","timestamp":"2024-08-16T18:06:36.414Z"}
{"level":"info","message":"::1 - - [16/Aug/2024:18:06:47 +0000] \"DELETE /api/posts/2/unlike HTTP/1.1\" 404 61 \"-\" \"PostmanRuntime/7.37.3\"","timestamp":"2024-08-16T18:06:47.987Z"}
{"level":"info","message":"::1 - - [16/Aug/2024:18:09:45 +0000] \"POST /api/users/10/follow HTTP/1.1\" 401 46 \"-\" \"PostmanRuntime/7.37.3\"","timestamp":"2024-08-16T18:09:45.125Z"}
{"level":"info","message":"::1 - - [16/Aug/2024:18:10:23 +0000] \"POST /api/users/10/follow HTTP/1.1\" 500 212 \"-\" \"PostmanRuntime/7.37.3\"","timestamp":"2024-08-16T18:10:23.527Z"}
{"level":"info","message":"::1 - - [16/Aug/2024:18:11:40 +0000] \"POST /api/users/10/follow HTTP/1.1\" 500 34 \"-\" \"PostmanRuntime/7.37.3\"","timestamp":"2024-08-16T18:11:40.623Z"}
{"level":"info","message":"::1 - - [16/Aug/2024:18:15:11 +0000] \"POST /api/users/10/follow HTTP/1.1\" 404 29 \"-\" \"PostmanRuntime/7.37.3\"","timestamp":"2024-08-16T18:15:11.135Z"}
{"level":"info","message":"::1 - - [16/Aug/2024:18:15:22 +0000] \"POST /api/users/1/follow HTTP/1.1\" 200 41 \"-\" \"PostmanRuntime/7.37.3\"","timestamp":"2024-08-16T18:15:22.433Z"}
{"level":"info","message":"::1 - - [16/Aug/2024:18:16:02 +0000] \"POST /api/login HTTP/1.1\" 200 149 \"-\" \"PostmanRuntime/7.37.3\"","timestamp":"2024-08-16T18:16:02.159Z"}
{"level":"info","message":"::1 - - [16/Aug/2024:18:16:29 +0000] \"POST /api/users/11/follow HTTP/1.1\" 404 29 \"-\" \"PostmanRuntime/7.37.3\"","timestamp":"2024-08-16T18:16:29.753Z"}
{"level":"info","message":"::1 - - [16/Aug/2024:18:16:37 +0000] \"POST /api/users/1/follow HTTP/1.1\" 200 41 \"-\" \"PostmanRuntime/7.37.3\"","timestamp":"2024-08-16T18:16:37.433Z"}
{"level":"info","message":"::1 - - [16/Aug/2024:18:16:49 +0000] \"POST /api/users/2/follow HTTP/1.1\" 200 41 \"-\" \"PostmanRuntime/7.37.3\"","timestamp":"2024-08-16T18:16:49.287Z"}
{"level":"info","message":"::1 - - [16/Aug/2024:18:17:23 +0000] \"POST /api/login HTTP/1.1\" 200 149 \"-\" \"PostmanRuntime/7.37.3\"","timestamp":"2024-08-16T18:17:23.002Z"}
{"level":"info","message":"::1 - - [16/Aug/2024:18:17:51 +0000] \"POST /api/users/2/follow HTTP/1.1\" 200 41 \"-\" \"PostmanRuntime/7.37.3\"","timestamp":"2024-08-16T18:17:51.685Z"}
{"level":"info","message":"::1 - - [16/Aug/2024:18:19:11 +0000] \"POST /api/users//unfollow HTTP/1.1\" 404 159 \"-\" \"PostmanRuntime/7.37.3\"","timestamp":"2024-08-16T18:19:11.899Z"}
{"level":"info","message":"::1 - - [16/Aug/2024:18:19:35 +0000] \"DELETE /api/users/5/unfollow HTTP/1.1\" 200 43 \"-\" \"PostmanRuntime/7.37.3\"","timestamp":"2024-08-16T18:19:35.495Z"}
{"level":"info","message":"::1 - - [16/Aug/2024:18:24:32 +0000] \"DELETE /api/users/5/unfollow HTTP/1.1\" 404 29 \"-\" \"PostmanRuntime/7.37.3\"","timestamp":"2024-08-16T18:24:32.556Z"}
{"level":"info","message":"::1 - - [16/Aug/2024:18:24:42 +0000] \"DELETE /api/users//unfollow HTTP/1.1\" 404 161 \"-\" \"PostmanRuntime/7.37.3\"","timestamp":"2024-08-16T18:24:42.115Z"}
{"level":"info","message":"::1 - - [16/Aug/2024:18:25:10 +0000] \"DELETE /api/users/3/unfollow HTTP/1.1\" 200 43 \"-\" \"PostmanRuntime/7.37.3\"","timestamp":"2024-08-16T18:25:10.268Z"}
{"level":"info","message":"::1 - - [16/Aug/2024:18:26:57 +0000] \"DELETE /api/users//unfollow HTTP/1.1\" 404 161 \"-\" \"PostmanRuntime/7.37.3\"","timestamp":"2024-08-16T18:26:57.965Z"}
{"level":"info","message":"::1 - - [16/Aug/2024:18:27:01 +0000] \"DELETE /api/users/5/unfollow HTTP/1.1\" 404 29 \"-\" \"PostmanRuntime/7.37.3\"","timestamp":"2024-08-16T18:27:01.164Z"}
{"level":"info","message":"::1 - - [16/Aug/2024:18:27:31 +0000] \"DELETE /api/users/5/unfollow HTTP/1.1\" 404 29 \"-\" \"PostmanRuntime/7.37.3\"","timestamp":"2024-08-16T18:27:31.265Z"}
{"level":"info","message":"::1 - - [16/Aug/2024:18:27:44 +0000] \"DELETE /api/users/3/unfollow HTTP/1.1\" 404 43 \"-\" \"PostmanRuntime/7.37.3\"","timestamp":"2024-08-16T18:27:44.808Z"}
{"level":"info","message":"::1 - - [16/Aug/2024:18:28:05 +0000] \"DELETE /api/users/2/unfollow HTTP/1.1\" 200 43 \"-\" \"PostmanRuntime/7.37.3\"","timestamp":"2024-08-16T18:28:05.261Z"}
{"level":"info","message":"::1 - - [16/Aug/2024:18:30:18 +0000] \"DELETE /api/users/2/unfollow HTTP/1.1\" 404 43 \"-\" \"PostmanRuntime/7.37.3\"","timestamp":"2024-08-16T18:30:18.176Z"}
{"level":"info","message":"::1 - - [16/Aug/2024:18:31:22 +0000] \"GET /api/search/users HTTP/1.1\" 401 46 \"-\" \"PostmanRuntime/7.37.3\"","timestamp":"2024-08-16T18:31:22.567Z"}
{"level":"info","message":"::1 - - [16/Aug/2024:18:31:57 +0000] \"GET /api/search/users HTTP/1.1\" 200 2 \"-\" \"PostmanRuntime/7.37.3\"","timestamp":"2024-08-16T18:31:57.081Z"}
{"level":"info","message":"::1 - - [16/Aug/2024:18:32:25 +0000] \"GET /api/search/users?q=%27ranga%27 HTTP/1.1\" 200 2 \"-\" \"PostmanRuntime/7.37.3\"","timestamp":"2024-08-16T18:32:25.369Z"}
{"level":"info","message":"::1 - - [16/Aug/2024:18:32:38 +0000] \"GET /api/search/users?q=ranga HTTP/1.1\" 200 165 \"-\" \"PostmanRuntime/7.37.3\"","timestamp":"2024-08-16T18:32:38.362Z"}
{"level":"info","message":"::1 - - [16/Aug/2024:18:33:29 +0000] \"GET /api/search/posts?q=first HTTP/1.1\" 200 332 \"-\" \"PostmanRuntime/7.37.3\"","timestamp":"2024-08-16T18:33:29.598Z"}
{"level":"info","message":"::1 - - [16/Aug/2024:18:33:39 +0000] \"GET /api/search/posts?q=second HTTP/1.1\" 200 317 \"-\" \"PostmanRuntime/7.37.3\"","timestamp":"2024-08-16T18:33:39.824Z"}
{"level":"info","message":"::1 - - [16/Aug/2024:18:35:58 +0000] \"POST /api/users/1/messages HTTP/1.1\" 401 46 \"-\" \"PostmanRuntime/7.37.3\"","timestamp":"2024-08-16T18:35:58.851Z"}
{"level":"info","message":"::1 - - [16/Aug/2024:18:36:27 +0000] \"POST /api/users/1/messages HTTP/1.1\" 500 43 \"-\" \"PostmanRuntime/7.37.3\"","timestamp":"2024-08-16T18:36:27.879Z"}
{"level":"info","message":"::1 - - [16/Aug/2024:18:37:43 +0000] \"POST /api/users/1/messages HTTP/1.1\" 500 34 \"-\" \"PostmanRuntime/7.37.3\"","timestamp":"2024-08-16T18:37:43.372Z"}
{"level":"info","message":"::1 - - [16/Aug/2024:18:38:18 +0000] \"POST /api/users/1/messages HTTP/1.1\" 201 40 \"-\" \"PostmanRuntime/7.37.3\"","timestamp":"2024-08-16T18:38:18.781Z"}
{"level":"info","message":"::1 - - [16/Aug/2024:18:39:15 +0000] \"POST /api/users/11/messages HTTP/1.1\" 500 34 \"-\" \"PostmanRuntime/7.37.3\"","timestamp":"2024-08-16T18:39:15.187Z"}
{"level":"info","message":"::1 - - [16/Aug/2024:18:44:39 +0000] \"POST /api/users/11/messages HTTP/1.1\" 404 29 \"-\" \"PostmanRuntime/7.37.3\"","timestamp":"2024-08-16T18:44:39.093Z"}
{"level":"info","message":"::1 - - [16/Aug/2024:18:44:56 +0000] \"POST /api/users/3/messages HTTP/1.1\" 400 38 \"-\" \"PostmanRuntime/7.37.3\"","timestamp":"2024-08-16T18:44:56.291Z"}
{"level":"info","message":"::1 - - [16/Aug/2024:18:45:10 +0000] \"POST /api/users/2/messages HTTP/1.1\" 400 38 \"-\" \"PostmanRuntime/7.37.3\"","timestamp":"2024-08-16T18:45:10.904Z"}
{"level":"info","message":"::1 - - [16/Aug/2024:18:45:30 +0000] \"POST /api/users/1/messages HTTP/1.1\" 201 40 \"-\" \"PostmanRuntime/7.37.3\"","timestamp":"2024-08-16T18:45:30.716Z"}
{"level":"info","message":"::1 - - [16/Aug/2024:18:53:08 +0000] \"GET /api/users/5/messages HTTP/1.1\" 200 2 \"-\" \"PostmanRuntime/7.37.3\"","timestamp":"2024-08-16T18:53:08.019Z"}
{"level":"info","message":"::1 - - [16/Aug/2024:18:53:25 +0000] \"GET /api/users/1/messages HTTP/1.1\" 200 234 \"-\" \"PostmanRuntime/7.37.3\"","timestamp":"2024-08-16T18:53:25.642Z"}
{"level":"info","message":"::1 - - [16/Aug/2024:18:53:43 +0000] \"GET /api/users/1/messages HTTP/1.1\" 200 234 \"-\" \"PostmanRuntime/7.37.3\"","timestamp":"2024-08-16T18:53:43.535Z"}
{"level":"info","message":"::ffff:127.0.0.1 - - [16/Aug/2024:19:20:13 +0000] \"OPTIONS /api/login HTTP/1.1\" 204 0 \"http://127.0.0.1:5500/\" \"Mozilla/5.0 (X11; Ubuntu; Linux x86_64; rv:129.0) Gecko/20100101 Firefox/129.0\"","timestamp":"2024-08-16T19:20:13.994Z"}
{"level":"info","message":"::ffff:127.0.0.1 - - [16/Aug/2024:19:21:23 +0000] \"OPTIONS /api/login HTTP/1.1\" 204 0 \"http://127.0.0.1:5500/\" \"Mozilla/5.0 (X11; Ubuntu; Linux x86_64; rv:129.0) Gecko/20100101 Firefox/129.0\"","timestamp":"2024-08-16T19:21:23.586Z"}
{"level":"info","message":"::ffff:127.0.0.1 - - [16/Aug/2024:19:24:37 +0000] \"OPTIONS /api/login HTTP/1.1\" 204 0 \"http://127.0.0.1:5500/\" \"Mozilla/5.0 (X11; Ubuntu; Linux x86_64; rv:129.0) Gecko/20100101 Firefox/129.0\"","timestamp":"2024-08-16T19:24:37.485Z"}
{"level":"info","message":"::ffff:127.0.0.1 - - [16/Aug/2024:19:26:15 +0000] \"OPTIONS /api/login HTTP/1.1\" 204 0 \"http://127.0.0.1:5500/\" \"Mozilla/5.0 (X11; Ubuntu; Linux x86_64; rv:129.0) Gecko/20100101 Firefox/129.0\"","timestamp":"2024-08-16T19:26:15.277Z"}
